+b main
Breakpoint 1 at 0x401477: file c:\Users\AP\github-classroom\FPC-advanced\fpc-advanced-classroom-1st-year-assignment-Apoorva-Ramesh12\set02\problem04.c, line 8.
+r
Starting program: c:\Users\AP\github-classroom\FPC-advanced\fpc-advanced-classroom-1st-year-assignment-Apoorva-Ramesh12\set02/./problem04.exe 
[New Thread 20396.0x19d4]
[New Thread 20396.0x4d00]

Breakpoint 1, 0x00401477 in main ()
    at c:\Users\AP\github-classroom\FPC-advanced\fpc-advanced-classroom-1st-year-assignment-Apoorva-Ramesh12\set02\problem04.c:8
8	{
+n
10	    n=input_array_size();
+n
11	    int a[n];
+p n
$1 = 5
+n
12	    input_array(n,a);
+p a[n]
$2 = 4199600
+n
14	    sum=sum_composite_numbers(n,a);
+step
sum_composite_numbers (n=5, a=0x61fed8)
    at c:\Users\AP\github-classroom\FPC-advanced\fpc-advanced-classroom-1st-year-assignment-Apoorva-Ramesh12\set02\problem04.c:35
35	    int sum=0;
+n
36	    for(int i=0;i<=n;i++)
+n
38	        int composite=0;
+n
39	        for(int j=2;j<a[i];j++)
+n
41	            if(a[i]%j==0)
+n
39	        for(int j=2;j<a[i];j++)
+p composite
$3 = 0
+n
41	            if(a[i]%j==0)
+n
39	        for(int j=2;j<a[i];j++)
+n
41	            if(a[i]%j==0)
+n
39	        for(int j=2;j<a[i];j++)
+p composite
$4 = 0
+n
41	            if(a[i]%j==0)
+n
39	        for(int j=2;j<a[i];j++)
+p composite
$5 = 0
+n
41	            if(a[i]%j==0)
+n
39	        for(int j=2;j<a[i];j++)
+n
41	            if(a[i]%j==0)
+n
39	        for(int j=2;j<a[i];j++)
+p composite
$6 = 0
+n
41	            if(a[i]%j==0)
+n
39	        for(int j=2;j<a[i];j++)
+n
41	            if(a[i]%j==0)
+n
39	        for(int j=2;j<a[i];j++)
+n
41	            if(a[i]%j==0)
+n
39	        for(int j=2;j<a[i];j++)
+n
47	        if(composite)
+n
36	    for(int i=0;i<=n;i++)
+n
38	        int composite=0;
+n
39	        for(int j=2;j<a[i];j++)
+n
41	            if(a[i]%j==0)
+n
43	                composite=1;
+n
44	                break;
+n
47	        if(composite)
+p composite
$7 = 1
+continue
Continuing.
[Inferior 1 (process 20396) exited normally]
+c
The program is not being run.
+q
+b main
Breakpoint 1 at 0x401477: file c:\Users\AP\github-classroom\FPC-advanced\fpc-advanced-classroom-1st-year-assignment-Apoorva-Ramesh12\set02\problem04.c, line 10.
+r
Starting program: c:\Users\AP\github-classroom\FPC-advanced\fpc-advanced-classroom-1st-year-assignment-Apoorva-Ramesh12\set02/./problem04.exe 
[New Thread 7868.0x4848]
[New Thread 7868.0xc24]

Breakpoint 1, 0x00401477 in main ()
    at c:\Users\AP\github-classroom\FPC-advanced\fpc-advanced-classroom-1st-year-assignment-Apoorva-Ramesh12\set02\problem04.c:10
10	{
+r
The program being debugged has been started already.
Start it from the beginning? (y or n) error return ../../gdb-7.6.1/gdb/windows-nat.c:1275 was 5
Starting program: c:\Users\AP\github-classroom\FPC-advanced\fpc-advanced-classroom-1st-year-assignment-Apoorva-Ramesh12\set02/./problem04.exe 
[New Thread 14516.0x2638]
[New Thread 14516.0x2b6c]

Breakpoint 1, 0x00401477 in main ()
    at c:\Users\AP\github-classroom\FPC-advanced\fpc-advanced-classroom-1st-year-assignment-Apoorva-Ramesh12\set02\problem04.c:10
10	{
+q
A debugging session is active.

	Inferior 1 [process 14516] will be killed.

Quit anyway? (y or n) error return ../../gdb-7.6.1/gdb/windows-nat.c:1275 was 5
