+l
1	//Write a program to find the area of a triangle.
2	#include<stdio.h>
3	void input(float *base, float *height);
4	void find_area(float base , float height, float *area);
5	void output(float base, float height, float area);
6	int main()
7	{
8	    float base,height;
9	    input(&base,&height);
10	    float area;
+b main
Breakpoint 1 at 0x40146e: file c:\Users\AP\github-classroom\FPC-advanced\fpc-advanced-classroom-1st-year-assignment-Apoorva-Ramesh12\set02\problem01.c, line 9.
+b main
Note: breakpoint 1 also set at pc 0x40146e.
Breakpoint 2 at 0x40146e: file c:\Users\AP\github-classroom\FPC-advanced\fpc-advanced-classroom-1st-year-assignment-Apoorva-Ramesh12\set02\problem01.c, line 9.
+r
Starting program: c:\Users\AP\github-classroom\FPC-advanced\fpc-advanced-classroom-1st-year-assignment-Apoorva-Ramesh12\set02/./problem01.exe 
[New Thread 12632.0x5c4]
[New Thread 12632.0x3758]

Breakpoint 1, main ()
    at c:\Users\AP\github-classroom\FPC-advanced\fpc-advanced-classroom-1st-year-assignment-Apoorva-Ramesh12\set02\problem01.c:9
9	    input(&base,&height);
+step
input (base=0x61ff1c, height=0x61ff18)
    at c:\Users\AP\github-classroom\FPC-advanced\fpc-advanced-classroom-1st-year-assignment-Apoorva-Ramesh12\set02\problem01.c:17
17	    printf("Enter the base: ");
+n
18	    scanf("%f",base);
+n
19	    printf("Enter the height: ");
+n
20	    scanf("%f",height);
+n
21	}
+n
main ()
    at c:\Users\AP\github-classroom\FPC-advanced\fpc-advanced-classroom-1st-year-assignment-Apoorva-Ramesh12\set02\problem01.c:11
11	    find_area(base,height,&area);
+step
find_area (base=20, height=40, area=0x61ff14)
    at c:\Users\AP\github-classroom\FPC-advanced\fpc-advanced-classroom-1st-year-assignment-Apoorva-Ramesh12\set02\problem01.c:24
24	    *area=0.5*base*height;
+n
25	}
+p *area
$1 = 400
+n
main ()
    at c:\Users\AP\github-classroom\FPC-advanced\fpc-advanced-classroom-1st-year-assignment-Apoorva-Ramesh12\set02\problem01.c:12
12	    output(base,height,area);
+n
13	    return 0;
+n
14	}
+n
0x00401288 in __register_frame_info ()
+q
A debugging session is active.

	Inferior 1 [process 12632] will be killed.

Quit anyway? (y or n) error return ../../gdb-7.6.1/gdb/windows-nat.c:1275 was 5
