+b main
Breakpoint 1 at 0x40146e: file c:\Users\AP\github-classroom\FPC-advanced\fpc-advanced-classroom-1st-year-assignment-Apoorva-Ramesh12\set02\problem05.c, line 10.
+r
Starting program: c:\Users\AP\github-classroom\FPC-advanced\fpc-advanced-classroom-1st-year-assignment-Apoorva-Ramesh12\set02/./problem05.exe 
[New Thread 3036.0x33a4]
[New Thread 3036.0x2e4c]

Breakpoint 1, main ()
    at c:\Users\AP\github-classroom\FPC-advanced\fpc-advanced-classroom-1st-year-assignment-Apoorva-Ramesh12\set02\problem05.c:10
warning: Source file is more recent than executable.
10	    a=input();
+n
11	    b=input();
+n
13	    gcd=find_gcd(a,b);
+step
find_gcd (a=6, b=9)
    at c:\Users\AP\github-classroom\FPC-advanced\fpc-advanced-classroom-1st-year-assignment-Apoorva-Ramesh12\set02\problem05.c:31
31	    while(a!=0)
+n
33	        int temp=a;
+n
34	        a=b%a;
+p temp
$1 = 6
+p a
$2 = 6
+n
35	        b=temp;
+p a
$3 = 3
+n
31	    while(a!=0)
+p b
$4 = 6
+p b
$5 = 6
+n
33	        int temp=a;
+n
34	        a=b%a;
+p temp
$6 = 3
+n
35	        b=temp;
+p a
$7 = 0
+n
31	    while(a!=0)
+p b
$8 = 3
+n
37	    return b;
+n
38	}
+p b
$9 = 3
+n
main ()
    at c:\Users\AP\github-classroom\FPC-advanced\fpc-advanced-classroom-1st-year-assignment-Apoorva-Ramesh12\set02\problem05.c:14
14	    output(a,b,gcd);
+n
15	    return 0;
+n
16	}
+n
0x00401288 in __register_frame_info ()
+q
A debugging session is active.

	Inferior 1 [process 3036] will be killed.

Quit anyway? (y or n) error return ../../gdb-7.6.1/gdb/windows-nat.c:1275 was 5
