+b main
Breakpoint 1 at 0x401471: file c:\Users\AP\github-classroom\FPC-advanced\fpc-advanced-classroom-1st-year-assignment-Apoorva-Ramesh12\set04\problem04.c, line 11.
+r
Starting program: c:\Users\AP\github-classroom\FPC-advanced\fpc-advanced-classroom-1st-year-assignment-Apoorva-Ramesh12\set04/./problem04.exe 
[New Thread 13116.0xc10]
[New Thread 13116.0x3bd0]

Breakpoint 1, main ()
    at c:\Users\AP\github-classroom\FPC-advanced\fpc-advanced-classroom-1st-year-assignment-Apoorva-Ramesh12\set04\problem04.c:11
11	    d=input_degree();
+s
input_degree ()
    at c:\Users\AP\github-classroom\FPC-advanced\fpc-advanced-classroom-1st-year-assignment-Apoorva-Ramesh12\set04\problem04.c:25
25	    printf("Enter the degree of the polynomial:");
+n
26	    scanf("%d",&x);
+n
27	    return x;
+n
28	}
+p x
$1 = 3
+p x
$2 = 3
+n
main ()
    at c:\Users\AP\github-classroom\FPC-advanced\fpc-advanced-classroom-1st-year-assignment-Apoorva-Ramesh12\set04\problem04.c:14
14	    input_coefficients(n,a);
+s
input_coefficients (n=0, a=0x61fd80)
    at c:\Users\AP\github-classroom\FPC-advanced\fpc-advanced-classroom-1st-year-assignment-Apoorva-Ramesh12\set04\problem04.c:31
31	    printf("Enter the co-efficients of the polynomial:");
+n
32	    for(int i=0;i<=n;i++)
+n
34	        printf("\nEnter the co-efficient for %d term:",i);
+n
35	        scanf("%f",&a[i]);
+n
32	    for(int i=0;i<=n;i++)
+n
37	}
+p i
No symbol "i" in current context.
+p n
$3 = 0
+cd "c:\Users\AP\github-classroom\FPC-advanced\fpc-advanced-classroom-1st-year-assignment-Apoorva-Ramesh12\set04"
"c:\Users\AP\github-classroom\FPC-advanced\fpc-advanced-classroom-1st-year-assignment-Apoorva-Ramesh12\set04": Invalid argument.
+gcc -g "c:\Users\AP\github-classroom\FPC-advanced\fpc-advanced-classroom-1st-year-assignment-Apoorva-Ramesh12\set04\problem04.c" -o "c:\Users\AP\github-classroom\FPC-advanced\fpc-advanced-classroom-1st-year-assignment-Apoorva-Ramesh12\set04\problem04.exe" 2>&1
Undefined command: "gcc".  Try "help".
+q
A debugging session is active.

	Inferior 1 [process 13116] will be killed.

Quit anyway? (y or n) error return ../../gdb-7.6.1/gdb/windows-nat.c:1275 was 5
+b main
Breakpoint 1 at 0x401477: file c:\Users\AP\github-classroom\FPC-advanced\fpc-advanced-classroom-1st-year-assignment-Apoorva-Ramesh12\set04\problem04.c, line 9.
+r
Starting program: c:\Users\AP\github-classroom\FPC-advanced\fpc-advanced-classroom-1st-year-assignment-Apoorva-Ramesh12\set04/./problem04.exe 
[New Thread 5820.0x1aa4]
[New Thread 5820.0xc3c]

Breakpoint 1, 0x00401477 in main ()
    at c:\Users\AP\github-classroom\FPC-advanced\fpc-advanced-classroom-1st-year-assignment-Apoorva-Ramesh12\set04\problem04.c:9
9	{
+r
The program being debugged has been started already.
Start it from the beginning? (y or n) error return ../../gdb-7.6.1/gdb/windows-nat.c:1275 was 5
Starting program: c:\Users\AP\github-classroom\FPC-advanced\fpc-advanced-classroom-1st-year-assignment-Apoorva-Ramesh12\set04/./problem04.exe 
[New Thread 17484.0x1a9c]
[New Thread 17484.0x1cb4]

Breakpoint 1, 0x00401477 in main ()
    at c:\Users\AP\github-classroom\FPC-advanced\fpc-advanced-classroom-1st-year-assignment-Apoorva-Ramesh12\set04\problem04.c:9
9	{
+n
11	    n=input_degree();
+n
12	    float a[n+1];
+p n+1
$1 = 4
+p *a
$2 = 3.00101495
+p *a@10
$3 = {3.00101495, -6.04406134e-036, -4.68599229e-037, -4.53694567e-029, 6.38253123e-029, -3.95203834e-031, 4.34427643, 
  2.94906217e-029, -6.03033194e-036, -1.37215433e-036}
+n
13	    input_coefficients(n,a);
+s
input_coefficients (n=3, a=0x61fec0)
    at c:\Users\AP\github-classroom\FPC-advanced\fpc-advanced-classroom-1st-year-assignment-Apoorva-Ramesh12\set04\problem04.c:30
30	    printf("Enter the co-efficients of the polynomial:\n");
+n
31	    for(int i=0;i<=n;i++)
+n
33	        printf("\nEnter the co-efficient for %d term:\n",i);
+n
34	        scanf("%f",&a[i]);
+n
31	    for(int i=0;i<=n;i++)
+n
33	        printf("\nEnter the co-efficient for %d term:\n",i);
+n
34	        scanf("%f",&a[i]);
+n
31	    for(int i=0;i<=n;i++)
+n
33	        printf("\nEnter the co-efficient for %d term:\n",i);
+n
34	        scanf("%f",&a[i]);
+n
31	    for(int i=0;i<=n;i++)
+n
33	        printf("\nEnter the co-efficient for %d term:\n",i);
+n
34	        scanf("%f",&a[i]);
+n
31	    for(int i=0;i<=n;i++)
+n
36	}
+n
main ()
    at c:\Users\AP\github-classroom\FPC-advanced\fpc-advanced-classroom-1st-year-assignment-Apoorva-Ramesh12\set04\problem04.c:15
15	    x=input_x();
+n
17	    result=evaluate_polynomial(n,a,x);
+ss
Undefined command: "ss".  Try "help".
+s
evaluate_polynomial (n=3, a=0x61fec0, x=5.60519386e-045)
    at c:\Users\AP\github-classroom\FPC-advanced\fpc-advanced-classroom-1st-year-assignment-Apoorva-Ramesh12\set04\problem04.c:47
47	
+n
+n
+n
+n
+n
+nq
Undefined command: "nq".  Try "help".
+q
A debugging session is active.

	Inferior 1 [process 17484] will be killed.

Quit anyway? (y or n) error return ../../gdb-7.6.1/gdb/windows-nat.c:1275 was 5
+b main
Breakpoint 1 at 0x401477: file c:\Users\AP\github-classroom\FPC-advanced\fpc-advanced-classroom-1st-year-assignment-Apoorva-Ramesh12\set04\problem04.c, line 9.
+r
Starting program: c:\Users\AP\github-classroom\FPC-advanced\fpc-advanced-classroom-1st-year-assignment-Apoorva-Ramesh12\set04/./problem04.exe 
[New Thread 3416.0x253c]
[New Thread 3416.0x376c]

Breakpoint 1, 0x00401477 in main ()
    at c:\Users\AP\github-classroom\FPC-advanced\fpc-advanced-classroom-1st-year-assignment-Apoorva-Ramesh12\set04\problem04.c:9
9	{
+n
11	    n=input_degree();
+n
12	    float a[n];
+n

Program received signal SIGSEGV, Segmentation fault.
__chkstk_ms () at ../../../src/gcc-6.3.0/libgcc/config/i386/cygwin.S:172
172	../../../src/gcc-6.3.0/libgcc/config/i386/cygwin.S: No such file or directory.
+b main
Breakpoint 1 at 0x401477: file c:\Users\AP\github-classroom\FPC-advanced\fpc-advanced-classroom-1st-year-assignment-Apoorva-Ramesh12\set04\problem04.c, line 9.
+r
Starting program: c:\Users\AP\github-classroom\FPC-advanced\fpc-advanced-classroom-1st-year-assignment-Apoorva-Ramesh12\set04/./problem04.exe 
[New Thread 13728.0x5c04]
[New Thread 13728.0x3a4c]

Breakpoint 1, 0x00401477 in main ()
    at c:\Users\AP\github-classroom\FPC-advanced\fpc-advanced-classroom-1st-year-assignment-Apoorva-Ramesh12\set04\problem04.c:9
9	{
+n
11	    n=input_degree();
+n
12	    float a[n];
+p n
$1 = 3
+n
13	    input_coefficients(n,a);
+s
input_coefficients (n=3, a=0x61fed0)
    at c:\Users\AP\github-classroom\FPC-advanced\fpc-advanced-classroom-1st-year-assignment-Apoorva-Ramesh12\set04\problem04.c:30
30	    printf("Enter the coefficients:");
+n
31	    for(int i=0;i<=n;i++)
+n
33	        printf("\nEnter the coefficient for %d term:",i);
+n
34	        scanf("%f",&a[i]);
+n
31	    for(int i=0;i<=n;i++)
+n
33	        printf("\nEnter the coefficient for %d term:",i);
+n
34	        scanf("%f",&a[i]);
+n
31	    for(int i=0;i<=n;i++)
+n
33	        printf("\nEnter the coefficient for %d term:",i);
+n
34	        scanf("%f",&a[i]);
+n
31	    for(int i=0;i<=n;i++)
+n
33	        printf("\nEnter the coefficient for %d term:",i);
+n
34	        scanf("%f",&a[i]);
+n
31	    for(int i=0;i<=n;i++)
+n
36	}
+n
main ()
    at c:\Users\AP\github-classroom\FPC-advanced\fpc-advanced-classroom-1st-year-assignment-Apoorva-Ramesh12\set04\problem04.c:15
15	    x=input_x();
+n
17	    result=evaluate_polynomial(n,a,x);
+s
evaluate_polynomial (n=3, a=0x61fed0, x=-2.5)
    at c:\Users\AP\github-classroom\FPC-advanced\fpc-advanced-classroom-1st-year-assignment-Apoorva-Ramesh12\set04\problem04.c:47
47	    for(int i=n-1;i>=0;i--)
+n
49	        sum=sum*x+a[i];
+p *a@3
$2 = {2, 3, 5}
+p *a@4
$3 = {2, 3, 5, -10}
+p *a@5
$4 = {2, 3, 5, -10, 5.88731447e-039}
+p *a@4
$5 = {2, 3, 5, -10}
+n
47	    for(int i=n-1;i>=0;i--)
+p sum
$6 = -2.06030144e+033
+p x
$7 = -2.5
+p a[0]
$8 = 2
+p sum*x+a[0]
$9 = 5.15075345e+033
+n
49	        sum=sum*x+a[i];
+n
47	    for(int i=n-1;i>=0;i--)
+n
49	        sum=sum*x+a[i];
+n
47	    for(int i=n-1;i>=0;i--)
+n
51	    return sum;
+nn
Undefined command: "nn".  Try "help".
+nn
Undefined command: "nn".  Try "help".
+n
52	}
+n
main ()
    at c:\Users\AP\github-classroom\FPC-advanced\fpc-advanced-classroom-1st-year-assignment-Apoorva-Ramesh12\set04\problem04.c:18
18	    output(n,a,x,result);
+n
19	    return 0;
+n
20	}
+n
0x00401288 in __register_frame_info ()
+n
Single stepping until exit from function __register_frame_info,
which has no line number information.
0x0040128a in __register_frame_info ()
+q
A debugging session is active.

	Inferior 1 [process 13728] will be killed.

Quit anyway? (y or n) error return ../../gdb-7.6.1/gdb/windows-nat.c:1275 was 5
