+b main
Breakpoint 1 at 0x401477: file c:\Users\AP\github-classroom\FPC-advanced\fpc-advanced-classroom-1st-year-assignment-Apoorva-Ramesh12\set04\problem08.c, line 16.
+r
Starting program: c:\Users\AP\github-classroom\FPC-advanced\fpc-advanced-classroom-1st-year-assignment-Apoorva-Ramesh12\set04/./problem08.exe 
[New Thread 2924.0x42c4]
[New Thread 2924.0x5c98]

Breakpoint 1, 0x00401477 in main ()
    at c:\Users\AP\github-classroom\FPC-advanced\fpc-advanced-classroom-1st-year-assignment-Apoorva-Ramesh12\set04\problem08.c:16
warning: Source file is more recent than executable.
16	{
+n
18	    n=input_n();
+n
19	    Fraction f[n];
+p n
$1 = 3
+n
20	    input_n_fractions(n,f);
+n
22	    sum=add_n_fractions(n,f);
+s
add_n_fractions (n=3, f=0x61fed0)
    at c:\Users\AP\github-classroom\FPC-advanced\fpc-advanced-classroom-1st-year-assignment-Apoorva-Ramesh12\set04\problem08.c:68
68	    for(int i=0;i<n;i++)
+n
70	        sum=add_fractions(f[i],sum);
+n
68	    for(int i=0;i<n;i++)
+p i
$2 = 0
+n
70	        sum=add_fractions(f[i],sum);
+n
68	    for(int i=0;i<n;i++)
+p i
$3 = 1
+n
70	        sum=add_fractions(f[i],sum);
+n
68	    for(int i=0;i<n;i++)
+n
72	    int gcd_fract=find_gcd(sum.num,sum.den);
+n
73	    if(gcd_fract!=1)
+p sum
$4 = {num = 20, den = 5}
