+b main
Breakpoint 1 at 0x401477: file c:\Users\AP\github-classroom\FPC-advanced\fpc-advanced-classroom-1st-year-assignment-Apoorva-Ramesh12\set03\problem05.c, line 9.
+rr
Undefined command: "rr".  Try "help".
+r
Starting program: c:\Users\AP\github-classroom\FPC-advanced\fpc-advanced-classroom-1st-year-assignment-Apoorva-Ramesh12\set03/./problem05.exe 
[New Thread 9608.0x2b98]
[New Thread 9608.0x21fc]

Breakpoint 1, 0x00401477 in main ()
    at c:\Users\AP\github-classroom\FPC-advanced\fpc-advanced-classroom-1st-year-assignment-Apoorva-Ramesh12\set03\problem05.c:9
9	{
+n
11	    n=input_array_size();
+n
12	    int a[n];
+p n
$1 = 20
+n
13	    init_array(n,a);
+n
14	    erotosthenes_sieve(n,a);
+n
15	    output(n,a);
+n
16	    return 0;
+n
17	}
+n
0x00401288 in __register_frame_info ()
+q
A debugging session is active.

	Inferior 1 [process 9608] will be killed.

Quit anyway? (y or n) Not confirmed.
+q
A debugging session is active.

	Inferior 1 [process 9608] will be killed.

Quit anyway? (y or n) Not confirmed.
+b main
Note: breakpoint 1 also set at pc 0x401477.
Breakpoint 2 at 0x401477: file c:\Users\AP\github-classroom\FPC-advanced\fpc-advanced-classroom-1st-year-assignment-Apoorva-Ramesh12\set03\problem05.c, line 9.
+r
The program being debugged has been started already.
Start it from the beginning? (y or n) error return ../../gdb-7.6.1/gdb/windows-nat.c:1275 was 5
Starting program: c:\Users\AP\github-classroom\FPC-advanced\fpc-advanced-classroom-1st-year-assignment-Apoorva-Ramesh12\set03/./problem05.exe 
[New Thread 2852.0x2d28]
[New Thread 2852.0x4b0c]

Breakpoint 1, 0x00401477 in main ()
    at c:\Users\AP\github-classroom\FPC-advanced\fpc-advanced-classroom-1st-year-assignment-Apoorva-Ramesh12\set03\problem05.c:9
9	{
+n
11	    n=input_array_size();
+n
12	    int a[n];
+n
13	    init_array(n,a);
+n
14	    erotosthenes_sieve(n,a);
+s
erotosthenes_sieve (n=0, a=0x61fee8)
    at c:\Users\AP\github-classroom\FPC-advanced\fpc-advanced-classroom-1st-year-assignment-Apoorva-Ramesh12\set03\problem05.c:34
34	    for(int i=2;i<=sqrt(n);i++)
+n
45	}
