+b main
Breakpoint 1 at 0x40146e: file c:\Users\AP\github-classroom\FPC-advanced\fpc-advanced-classroom-1st-year-assignment-Apoorva-Ramesh12\exam_set\problem01.c, line 10.
+r
Starting program: c:\Users\AP\github-classroom\FPC-advanced\fpc-advanced-classroom-1st-year-assignment-Apoorva-Ramesh12\exam_set/./problem01.exe 
[New Thread 18688.0xfec]
[New Thread 18688.0x3cf0]

Breakpoint 1, main ()
    at c:\Users\AP\github-classroom\FPC-advanced\fpc-advanced-classroom-1st-year-assignment-Apoorva-Ramesh12\exam_set\problem01.c:10
10	n=input_n();
+n
12	result=check_factorial(n);
+step
check_factorial (n=24)
    at c:\Users\AP\github-classroom\FPC-advanced\fpc-advanced-classroom-1st-year-assignment-Apoorva-Ramesh12\exam_set\problem01.c:34
34	for(int i=1;factorial(i)<n;i++)
+n
36	    if(factorial(i)==n)
+n
40	    else return 0;
+n
44	,int result)
+n
main ()
    at c:\Users\AP\github-classroom\FPC-advanced\fpc-advanced-classroom-1st-year-assignment-Apoorva-Ramesh12\exam_set\problem01.c:13
13	output(n,result);
+n
14	return 0;
+n
15	}
+n
0x00401288 in __register_frame_info ()
+q
A debugging session is active.

	Inferior 1 [process 18688] will be killed.

Quit anyway? (y or n) error return ../../gdb-7.6.1/gdb/windows-nat.c:1275 was 5
