+l
1	#include<stdio.h>
2	int input();
3	int add(int a, int b);
4	void output(int a, int b, int sum);
5	int main()
6	{
7	    int a,b,sum;
8	    a=input();
9	    b=input();
10	    sum=add(a,b);
+l
11	    output(a,b,sum);
12	    return 0;
13	}
14	int input()
15	{
16	    int x;
17	    printf("Enter the number: ");
18	    scanf("%d",&x);
19	    return x;
20	}
+l
21	int add(int a,int b)
22	{
23	    int sum;
24	    sum=a+b;
25	    return sum;
26	}
27	void output(int a,int b,int sum)
28	{
29	    printf("Sum of %d and %d is %d",a,b,sum);
30	}+l
Line number 31 out of range; c:\Users\AP\github-classroom\FPC-advanced\fpc-advanced-classroom-1st-year-assignment-Apoorva-Ramesh12\set01\problem03.c has 30 lines.
+r
Starting program: c:\Users\AP\github-classroom\FPC-advanced\fpc-advanced-classroom-1st-year-assignment-Apoorva-Ramesh12\set01/./problem03.exe 
[New Thread 10060.0x3744]
[New Thread 10060.0x3ba8]
[Inferior 1 (process 10060) exited normally]
+p a
No symbol "a" in current context.
+p x
No symbol "x" in current context.
+b 10
Breakpoint 1 at 0x401480: file c:\Users\AP\github-classroom\FPC-advanced\fpc-advanced-classroom-1st-year-assignment-Apoorva-Ramesh12\set01\problem03.c, line 10.
+r
Starting program: c:\Users\AP\github-classroom\FPC-advanced\fpc-advanced-classroom-1st-year-assignment-Apoorva-Ramesh12\set01/./problem03.exe 
[New Thread 8936.0x20c4]
[New Thread 8936.0x4b30]

Breakpoint 1, main ()
    at c:\Users\AP\github-classroom\FPC-advanced\fpc-advanced-classroom-1st-year-assignment-Apoorva-Ramesh12\set01\problem03.c:10
10	    sum=add(a,b);
+p a
$1 = 4
+p b
$2 = 5
+quit
A debugging session is active.

	Inferior 1 [process 8936] will be killed.

Quit anyway? (y or n) error return ../../gdb-7.6.1/gdb/windows-nat.c:1275 was 5
