+b main
Breakpoint 1 at 0x401477: file c:\Users\AP\github-classroom\FPC-advanced\fpc-advanced-classroom-1st-year-assignment-Apoorva-Ramesh12\set01\problem12.c, line 15.
+r
Starting program: c:\Users\AP\github-classroom\FPC-advanced\fpc-advanced-classroom-1st-year-assignment-Apoorva-Ramesh12\set01/./problem12.exe 
[New Thread 22144.0x5438]
[New Thread 22144.0x5538]

Breakpoint 1, 0x00401477 in main ()
    at c:\Users\AP\github-classroom\FPC-advanced\fpc-advanced-classroom-1st-year-assignment-Apoorva-Ramesh12\set01\problem12.c:15
15	{
+n
17	    n=get_n();
+n
18	    Complex c[n];
+p n
$1 = 3
+n
19	    input_n_complex(n,c);
+step
input_n_complex (n=3, c=0x61fed0)
    at c:\Users\AP\github-classroom\FPC-advanced\fpc-advanced-classroom-1st-year-assignment-Apoorva-Ramesh12\set01\problem12.c:43
43	    for(int i=0;i<n;i++)
+n
45	        printf("Complex No. %d\n",i+1);
+n
46	        c[i]=input_complex();
+n
43	    for(int i=0;i<n;i++)
+n
45	        printf("Complex No. %d\n",i+1);
+n
46	        c[i]=input_complex();
+n
43	    for(int i=0;i<n;i++)
+n
45	        printf("Complex No. %d\n",i+1);
+n
46	        c[i]=input_complex();
+n
43	    for(int i=0;i<n;i++)
+n
48	}
+n
main ()
    at c:\Users\AP\github-classroom\FPC-advanced\fpc-advanced-classroom-1st-year-assignment-Apoorva-Ramesh12\set01\problem12.c:21
21	    result=add_n_complex(n,c);
+n
22	    output(n,c,result);
+p result
$2 = {real = 14, imaginary = 13}
+n
23	    return 0;
+n
24	}
+n
0x00401288 in __register_frame_info ()
+q
A debugging session is active.

	Inferior 1 [process 22144] will be killed.

Quit anyway? (y or n) error return ../../gdb-7.6.1/gdb/windows-nat.c:1275 was 5
