+l
1	//Write a C program to compare two strings, character by character.
2	#include<stdio.h>
3	#include<string.h>
4	void input_two_strings(char *string1, char *string2);
5	int stringcompare(char *string1, char *string2);
6	void output(char *string1, char *string2, int result);
7	int main()
8	{
9	    char string1[100],string2[100];
10	    input_two_strings(string1,string2);
+l
11	    int result;
12	    result=stringcompare(string1,string2);
13	    output(string1,string2,result);
14	    return 0;
15	}
16	void input_two_strings(char *string1, char *string2)
17	{
18	    printf("Enter the first string: ");
19	    scanf("%s",string1);
20	    printf("Enter the second string: ");
+l
21	    scanf("%s",string2);
22	}
23	int stringcompare(char *string1, char *string2)
24	{
25	    int largest;
26	    for(int i=0;string1[i]!='\0' && string2[i]!='\0';i++)
27	    {   
28	        if(string1[i]==string2[i])
29	        {
30	            int string1[i],string2[i];
+l
31	            if(string1[i]>string2[i] || string2[i]>string1[i])
32	            {
33	                largest=-1;
34	            }
35	        }
36	        if(string1[i]>string2[i])
37	        {
38	            largest=2;
39	        }
40	        else if(string1[i]<string2[i])
+l
41	        {
42	            largest=1;
43	        }
44	        else
45	        {
46	            largest=0;
47	        }
48	    }
49	    return largest;
50	}
+l
51	void output(char *string1, char *string2, int result)
52	{
53	    if(result==1)
54	    {
55	    printf("The greater string among %s and %s is %s",string1,string2,string1);
56	    }
57	    else if(result==2)
58	    {
59	    printf("The greater string among %s and %s is %s",string1,string2,string2);
60	    }
+l
61	    else if(result==-1)
62	    {
63	        printf("The strings are not equal.");
64	    }
65	    else
66	    {
67	        printf("The strings are equal.");
68	    }
69	}+b main
Breakpoint 1 at 0x401471: file c:\Users\AP\github-classroom\FPC-advanced\fpc-advanced-classroom-1st-year-assignment-Apoorva-Ramesh12\set01\problem10.c, line 10.
+r
Starting program: c:\Users\AP\github-classroom\FPC-advanced\fpc-advanced-classroom-1st-year-assignment-Apoorva-Ramesh12\set01/./problem10.exe 
[New Thread 4644.0x46a4]
[New Thread 4644.0x3618]

Breakpoint 1, main ()
    at c:\Users\AP\github-classroom\FPC-advanced\fpc-advanced-classroom-1st-year-assignment-Apoorva-Ramesh12\set01\problem10.c:10
10	    input_two_strings(string1,string2);
+step
input_two_strings (string1=0x61feb8 "\034“7vüþa", string2=0x61fe54 "\002\027ç\177¨þa")
    at c:\Users\AP\github-classroom\FPC-advanced\fpc-advanced-classroom-1st-year-assignment-Apoorva-Ramesh12\set01\problem10.c:18
18	    printf("Enter the first string: ");
+n
19	    scanf("%s",string1);
+n
20	    printf("Enter the second string: ");
+n
21	    scanf("%s",string2);
+n
22	}
+n
main ()
    at c:\Users\AP\github-classroom\FPC-advanced\fpc-advanced-classroom-1st-year-assignment-Apoorva-Ramesh12\set01\problem10.c:12
12	    result=stringcompare(string1,string2);
+step
stringcompare (string1=0x61feb8 "Hello", string2=0x61fe54 "hello")
    at c:\Users\AP\github-classroom\FPC-advanced\fpc-advanced-classroom-1st-year-assignment-Apoorva-Ramesh12\set01\problem10.c:26
26	    for(int i=0;string1[i]!='\0' && string2[i]!='\0';i++)
+n
28	        if(string1[i]==string2[i])
+n
36	        if(string1[i]>string2[i])
+p string1[0]
$1 = 72 'H'
+p string2[0]
$2 = 104 'h'
+n
40	        else if(string1[i]<string2[i])
+p largest
$3 = 6422168
+n
42	            largest=1;
+n
26	    for(int i=0;string1[i]!='\0' && string2[i]!='\0';i++)
+n
28	        if(string1[i]==string2[i])
+c
Continuing.
[Inferior 1 (process 4644) exited normally]
+c
The program is not being run.
+q
