+l
1	#include<stdio.h>
2	void input(int *a, int *b);
3	void add(int a, int b, int *sum);
4	void output(int a, int b, int sum);
5	int main()
6	{
7	    int a,b,sum;
8	    input(&a,&b);
9	    add(a,b,&sum);
10	    output(a,b,sum);
+l
11	    return 0;
12	}
13	void input(int *a,int *b)
14	{
15	    printf("Enter the numbers:");
16	    scanf("%d %d",a,b);
17	}
18	void add(int a,int b,int *sum)
19	{
20	    *sum=a+b;
+l
21	}
22	void output(int a,int b,int sum)
23	{
24	    printf("The sum is %d",sum);
25	}+b 9
Breakpoint 1 at 0x401482: file c:\Users\AP\github-classroom\FPC-advanced\fpc-advanced-classroom-1st-year-assignment-Apoorva-Ramesh12\set01\problem04.c, line 9.
+b 10
Breakpoint 2 at 0x40149e: file c:\Users\AP\github-classroom\FPC-advanced\fpc-advanced-classroom-1st-year-assignment-Apoorva-Ramesh12\set01\problem04.c, line 10.
+b 11
Breakpoint 3 at 0x4014ba: file c:\Users\AP\github-classroom\FPC-advanced\fpc-advanced-classroom-1st-year-assignment-Apoorva-Ramesh12\set01\problem04.c, line 11.
+r
Starting program: c:\Users\AP\github-classroom\FPC-advanced\fpc-advanced-classroom-1st-year-assignment-Apoorva-Ramesh12\set01/./problem04.exe 
[New Thread 14152.0x4e28]
[New Thread 14152.0x2ea4]
